[debug] [2021-10-15T15:17:20.998Z] ----------------------------------------------------------------------
[debug] [2021-10-15T15:17:21.000Z] Command:       /usr/local/bin/node /usr/local/bin/firebase init
[debug] [2021-10-15T15:17:21.000Z] CLI Version:   9.18.0
[debug] [2021-10-15T15:17:21.000Z] Platform:      darwin
[debug] [2021-10-15T15:17:21.000Z] Node Version:  v14.16.0
[debug] [2021-10-15T15:17:21.002Z] Time:          Fri Oct 15 2021 18:17:21 GMT+0300 (Eastern European Summer Time)
[debug] [2021-10-15T15:17:21.002Z] ----------------------------------------------------------------------
[debug] 
[debug] [2021-10-15T15:17:21.008Z] > command requires scopes: ["email","openid","https://www.googleapis.com/auth/cloudplatformprojects.readonly","https://www.googleapis.com/auth/firebase","https://www.googleapis.com/auth/cloud-platform"]
[debug] [2021-10-15T15:17:21.008Z] > authorizing via signed-in user (maksimgalimov@gmail.com)
[info] 
     ######## #### ########  ######## ########     ###     ######  ########
     ##        ##  ##     ## ##       ##     ##  ##   ##  ##       ##
     ######    ##  ########  ######   ########  #########  ######  ######
     ##        ##  ##    ##  ##       ##     ## ##     ##       ## ##
     ##       #### ##     ## ######## ########  ##     ##  ######  ########

You're about to initialize a Firebase project in this directory:

  /Users/max/Desktop/Projects/chatApp/chitchat/chitchat

[info] 
=== Project Setup
[info] 
[info] First, let's associate this project directory with a Firebase project.
[info] You can create multiple project aliases by running firebase use --add, 
[info] but for now we'll just set up a default project.
[info] 
[debug] [2021-10-15T15:17:56.980Z] >>> [apiv2][query] GET https://firebase.googleapis.com/v1beta1/projects pageSize=100
[debug] [2021-10-15T15:17:59.388Z] <<< [apiv2][status] GET https://firebase.googleapis.com/v1beta1/projects 200
[debug] [2021-10-15T15:17:59.388Z] <<< [apiv2][body] GET https://firebase.googleapis.com/v1beta1/projects [omitted]
[info] i  Using project chitchat-30475 (chitchat) 
[info] 
=== Hosting Setup
[info] 
[info] Your public directory is the folder (relative to your project directory) that
[info] will contain Hosting assets to be uploaded with firebase deploy. If you
[info] have a build process for your assets, use your build's output directory.
[info] 
[debug] [2021-10-15T15:18:29.198Z] >>> [apiv2][query] GET https://www.gstatic.com/firebasejs/releases.json [none]
[debug] [2021-10-15T15:18:29.432Z] <<< [apiv2][status] GET https://www.gstatic.com/firebasejs/releases.json 200
[debug] [2021-10-15T15:18:29.432Z] <<< [apiv2][body] GET https://www.gstatic.com/firebasejs/releases.json {"current":{"version":"9.1.3","browserURL":"https://www.gstatic.com/firebasejs/9.1.3/firebase.js","packageURL":"https://www.gstatic.com/firebasejs/9.1.3/firebase.tgz"},"live":{"version":"9.1","browserURL":"https://www.gstatic.com/firebasejs/live/9.1/firebase.js","packageURL":"https://www.gstatic.com/firebasejs/live/9.1/firebase.tgz"},"components":{"analytics":"https://www.gstatic.com/firebasejs/9.1.3/firebase-analytics.js","app":"https://www.gstatic.com/firebasejs/9.1.3/firebase-app.js","app-check":"https://www.gstatic.com/firebasejs/9.1.3/firebase-app-check.js","auth":"https://www.gstatic.com/firebasejs/9.1.3/firebase-auth.js","auth/cordova":"https://www.gstatic.com/firebasejs/9.1.3/firebase-auth/cordova.js","auth/react-native":"https://www.gstatic.com/firebasejs/9.1.3/firebase-auth/react-native.js","functions":"https://www.gstatic.com/firebasejs/9.1.3/firebase-functions.js","firestore":"https://www.gstatic.com/firebasejs/9.1.3/firebase-firestore.js","firestore/lite":"https://www.gstatic.com/firebasejs/9.1.3/firebase-firestore/lite.js","storage":"https://www.gstatic.com/firebasejs/9.1.3/firebase-storage.js","performance":"https://www.gstatic.com/firebasejs/9.1.3/firebase-performance.js","remote-config":"https://www.gstatic.com/firebasejs/9.1.3/firebase-remote-config.js","messaging":"https://www.gstatic.com/firebasejs/9.1.3/firebase-messaging.js","messaging/sw":"https://www.gstatic.com/firebasejs/9.1.3/firebase-messaging/sw.js","database":"https://www.gstatic.com/firebasejs/9.1.3/firebase-database.js","firestore.memory":"https://www.gstatic.com/firebasejs/9.1.3/firebase-firestore.memory.js"}}
[info] ✔  Wrote src/index.html 
[info] 
[info] i  Detected a .git folder at /Users/max/Desktop/Projects/chatApp/chitchat/chitchat 
[info] i  Authorizing with GitHub to upload your service account to a GitHub repository's secrets store. 
[info] 
[info] Visit this URL on this device to log in:
[info] https://github.com/login/oauth/authorize?client_id=89cf50f02ac6aaed3484&state=130768496&redirect_uri=http%3A%2F%2Flocalhost%3A9005&scope=read%3Auser%20repo%20public_repo
[info] 
[info] Waiting for authentication...
[debug] [2021-10-15T15:18:40.376Z] >>> HTTP REQUEST POST https://github.com/login/oauth/access_token  
 {"client_id":"89cf50f02ac6aaed3484","client_secret":"3330d14abc895d9a74d5f17cd7a00711fa2c5bf0","code":"9a6eff664312d546bfd9","redirect_uri":"http://localhost:9005","state":"130768496"}
[debug] [2021-10-15T15:18:41.734Z] <<< HTTP RESPONSE 200 {"server":"GitHub.com","date":"Fri, 15 Oct 2021 15:18:41 GMT","content-type":"application/json; charset=utf-8","transfer-encoding":"chunked","vary":"X-PJAX, X-PJAX-Container, Accept-Encoding, Accept, X-Requested-With","permissions-policy":"interest-cohort=()","etag":"W/\"1779430c281a4e51c08bee008081a1f2\"","cache-control":"max-age=0, private, must-revalidate","strict-transport-security":"max-age=31536000; includeSubdomains; preload","x-frame-options":"deny","x-content-type-options":"nosniff","x-xss-protection":"0","referrer-policy":"origin-when-cross-origin, strict-origin-when-cross-origin","expect-ct":"max-age=2592000, report-uri=\"https://api.github.com/_private/browser/errors\"","content-security-policy":"default-src 'none'; base-uri 'self'; block-all-mixed-content; child-src github.com/assets-cdn/worker/ gist.github.com/assets-cdn/worker/; connect-src 'self' uploads.github.com objects-origin.githubusercontent.com www.githubstatus.com collector.githubapp.com api.github.com github-cloud.s3.amazonaws.com github-production-repository-file-5c1aeb.s3.amazonaws.com github-production-upload-manifest-file-7fdce7.s3.amazonaws.com github-production-user-asset-6210df.s3.amazonaws.com cdn.optimizely.com logx.optimizely.com/v1/events translator.github.com wss://alive.github.com; font-src github.githubassets.com; form-action 'self' github.com gist.github.com objects-origin.githubusercontent.com; frame-ancestors 'none'; frame-src render.githubusercontent.com viewscreen.githubusercontent.com; img-src 'self' data: github.githubassets.com identicons.github.com collector.githubapp.com github-cloud.s3.amazonaws.com secured-user-images.githubusercontent.com/ *.githubusercontent.com; manifest-src 'self'; media-src github.com user-images.githubusercontent.com/; script-src github.githubassets.com; style-src 'unsafe-inline' github.githubassets.com; worker-src github.com/assets-cdn/worker/ gist.github.com/assets-cdn/worker/","x-github-request-id":"CE19:1B83:132F706:1E184F1:61699BD0"}
[debug] [2021-10-15T15:18:41.738Z] >>> [apiv2][query] GET https://api.github.com/user [none]
[debug] [2021-10-15T15:18:42.443Z] <<< [apiv2][status] GET https://api.github.com/user 200
[debug] [2021-10-15T15:18:42.443Z] <<< [apiv2][body] GET https://api.github.com/user {"login":"maksgal","id":60362212,"node_id":"MDQ6VXNlcjYwMzYyMjEy","avatar_url":"https://avatars.githubusercontent.com/u/60362212?v=4","gravatar_id":"","url":"https://api.github.com/users/maksgal","html_url":"https://github.com/maksgal","followers_url":"https://api.github.com/users/maksgal/followers","following_url":"https://api.github.com/users/maksgal/following{/other_user}","gists_url":"https://api.github.com/users/maksgal/gists{/gist_id}","starred_url":"https://api.github.com/users/maksgal/starred{/owner}{/repo}","subscriptions_url":"https://api.github.com/users/maksgal/subscriptions","organizations_url":"https://api.github.com/users/maksgal/orgs","repos_url":"https://api.github.com/users/maksgal/repos","events_url":"https://api.github.com/users/maksgal/events{/privacy}","received_events_url":"https://api.github.com/users/maksgal/received_events","type":"User","site_admin":false,"name":"Maksim Galimov","company":null,"blog":"https://www.facebook.com/maksg","location":"Ålesund","email":null,"hireable":null,"bio":"Web-dev learner","twitter_username":null,"public_repos":17,"public_gists":0,"followers":1,"following":1,"created_at":"2020-01-27T18:46:19Z","updated_at":"2021-10-15T15:18:34Z","private_gists":0,"total_private_repos":1,"owned_private_repos":1,"disk_usage":16932,"collaborators":0,"two_factor_authentication":false,"plan":{"name":"free","space":976562499,"collaborators":0,"private_repos":10000}}
[info] 
[info] ✔  Success! Logged into GitHub as maksgal 
[info] 
